[debug] [2023-02-04T16:42:24.688Z] ----------------------------------------------------------------------
[debug] [2023-02-04T16:42:24.693Z] Command:       C:\Program Files\nodejs\node.exe C:\Users\Owner\AppData\Roaming\npm\node_modules\firebase-tools\lib\bin\firebase.js init
[debug] [2023-02-04T16:42:24.694Z] CLI Version:   11.22.0
[debug] [2023-02-04T16:42:24.694Z] Platform:      win32
[debug] [2023-02-04T16:42:24.694Z] Node Version:  v19.5.0
[debug] [2023-02-04T16:42:24.695Z] Time:          Sat Feb 04 2023 22:12:24 GMT+0530 (India Standard Time)
[debug] [2023-02-04T16:42:24.695Z] ----------------------------------------------------------------------
[debug] 
[debug] [2023-02-04T16:42:24.707Z] > command requires scopes: ["email","openid","https://www.googleapis.com/auth/cloudplatformprojects.readonly","https://www.googleapis.com/auth/firebase","https://www.googleapis.com/auth/cloud-platform"]
[debug] [2023-02-04T16:42:24.707Z] > authorizing via signed-in user (patel.devasy.23@gmail.com)
[info] 
     ######## #### ########  ######## ########     ###     ######  ########
     ##        ##  ##     ## ##       ##     ##  ##   ##  ##       ##
     ######    ##  ########  ######   ########  #########  ######  ######
     ##        ##  ##    ##  ##       ##     ## ##     ##       ## ##
     ##       #### ##     ## ######## ########  ##     ##  ######  ########

You're about to initialize a Firebase project in this directory:

  C:\Users\Owner\Desktop\Hackathon\TFODApp

[info] 
=== Project Setup
[info] 
[info] First, let's associate this project directory with a Firebase project.
[info] You can create multiple project aliases by running firebase use --add, 
[info] but for now we'll just set up a default project.
[info] 
[debug] [2023-02-04T16:43:45.852Z] >>> [apiv2][query] GET https://firebase.googleapis.com/v1beta1/projects pageSize=100
[debug] [2023-02-04T16:43:57.051Z] Failed to make request to https://firebase.googleapis.com/v1beta1/projects?pageSize=100
[debug] [2023-02-04T16:43:57.615Z] FirebaseError: Failed to make request to https://firebase.googleapis.com/v1beta1/projects?pageSize=100
    at RetryOperation._fn (C:\Users\Owner\AppData\Roaming\npm\node_modules\firebase-tools\lib\apiv2.js:242:31)
    at process.processTicksAndRejections (node:internal/process/task_queues:95:5)
[error] 
[error] Error: Failed to list Firebase projects. See firebase-debug.log for more info.
